\BOOKMARK [1][-]{section.1}{\376\377\133\236\232\214\151\202\217\360}{}% 1
\BOOKMARK [2][-]{subsection.1.1}{\376\377\133\236\232\214\166\356\166\204}{section.1}% 2
\BOOKMARK [2][-]{subsection.1.2}{\376\377\170\024\172\166\225\356\230\230\116\016\137\205\232\214\213\301\120\107\213\276}{section.1}% 3
\BOOKMARK [2][-]{subsection.1.3}{\376\377\133\236\232\214\133\214\142\020\140\305\121\265}{section.1}% 4
\BOOKMARK [1][-]{section.2}{\376\377\133\236\232\214\163\257\130\203}{}% 5
\BOOKMARK [2][-]{subsection.2.1}{\376\377\217\157\170\154\116\366\136\163\123\360}{section.2}% 6
\BOOKMARK [2][-]{subsection.2.2}{\376\377\155\113\213\325\145\271\154\325}{section.2}% 7
\BOOKMARK [2][-]{subsection.2.3}{\376\377\133\236\232\214\155\101\172\013\116\016\145\160\143\156\131\004\164\006}{section.2}% 8
\BOOKMARK [2][-]{subsection.2.4}{\376\377\123\357\131\015\163\260\140\047\213\364\146\016}{section.2}% 9
\BOOKMARK [1][-]{section.3}{\376\377\133\236\232\214\213\276\213\241\116\016\133\236\163\260}{}% 10
\BOOKMARK [2][-]{subsection.3.1}{\376\377\167\351\226\065\116\016\124\021\221\317\121\205\171\357}{section.3}% 11
\BOOKMARK [3][-]{subsubsection.3.1.1}{\376\377\173\227\154\325\213\276\213\241}{subsection.3.1}% 12
\BOOKMARK [3][-]{subsubsection.3.1.2}{\376\377\121\163\225\056\133\236\163\260}{subsection.3.1}% 13
\BOOKMARK [3][-]{subsubsection.3.1.3}{\376\377\211\304\152\041\213\276\177\156\213\364\146\016}{subsection.3.1}% 14
\BOOKMARK [3][-]{subsubsection.3.1.4}{\376\377\135\345\117\134\226\306\117\060\173\227}{subsection.3.1}% 15
\BOOKMARK [2][-]{subsection.3.2}{\376\377\000n\000\040\116\052\145\160\154\102\124\214}{section.3}% 16
\BOOKMARK [3][-]{subsubsection.3.2.1}{\376\377\173\227\154\325\213\276\213\241}{subsection.3.2}% 17
\BOOKMARK [3][-]{subsubsection.3.2.2}{\376\377\211\304\152\041\213\276\177\156\213\364\146\016}{subsection.3.2}% 18
\BOOKMARK [3][-]{subsubsection.3.2.3}{\376\377\135\345\117\134\226\306\117\060\173\227}{subsection.3.2}% 19
\BOOKMARK [2][-]{subsection.3.3}{\376\377\177\026\213\321\116\016\217\320\210\114}{section.3}% 20
\BOOKMARK [1][-]{section.4}{\376\377\133\236\232\214\176\323\147\234\116\016\122\006\147\220}{}% 21
\BOOKMARK [2][-]{subsection.4.1}{\376\377\167\351\226\065\116\016\124\021\221\317\121\205\171\357\176\323\147\234}{section.4}% 22
\BOOKMARK [3][-]{subsubsection.4.1.1}{\376\377\176\323\147\234\122\006\147\220}{subsection.4.1}% 23
\BOOKMARK [2][-]{subsection.4.2}{\376\377\000n\000\040\116\052\145\160\154\102\124\214\176\323\147\234}{section.4}% 24
\BOOKMARK [3][-]{subsubsection.4.2.1}{\376\377\176\323\147\234\122\006\147\220}{subsection.4.2}% 25
\BOOKMARK [2][-]{subsection.4.3}{\376\377\176\374\124\010\176\323\213\272}{section.4}% 26
\BOOKMARK [1][-]{section.5}{\376\377\000V\000T\000u\000n\000e\000\040\122\126\147\220}{}% 27
\BOOKMARK [2][-]{subsection.5.1}{\376\377\167\351\226\065\230\230\377\032\000H\000o\000t\000s\000p\000o\000t\000s\000\040\116\016\000\040\000M\000e\000m\000o\000r\000y\000\040\000A\000c\000c\000e\000s\000s}{section.5}% 28
\BOOKMARK [3][-]{subsubsection.5.1.1}{\376\377\000H\000o\000t\000s\000p\000o\000t\000s\000\040\176\323\147\234}{subsection.5.1}% 29
\BOOKMARK [3][-]{subsubsection.5.1.2}{\376\377\000M\000e\000m\000o\000r\000y\000\040\000A\000c\000c\000e\000s\000s\000\040\176\323\147\234}{subsection.5.1}% 30
\BOOKMARK [3][-]{subsubsection.5.1.3}{\376\377\167\351\226\065\230\230\000\040\000V\000T\000u\000n\000e\000\040\176\323\213\272}{subsection.5.1}% 31
\BOOKMARK [2][-]{subsection.5.2}{\376\377\154\102\124\214\230\230\377\032\000H\000o\000t\000s\000p\000o\000t\000s\000\040\116\016\000\040\000M\000i\000c\000r\000o\000a\000r\000c\000h\000i\000t\000e\000c\000t\000u\000r\000e\000\040\000E\000x\000p\000l\000o\000r\000a\000t\000i\000o\000n}{section.5}% 32
\BOOKMARK [3][-]{subsubsection.5.2.1}{\376\377\000H\000o\000t\000s\000p\000o\000t\000s\000\040\176\323\147\234}{subsection.5.2}% 33
\BOOKMARK [3][-]{subsubsection.5.2.2}{\376\377\000M\000i\000c\000r\000o\000a\000r\000c\000h\000i\000t\000e\000c\000t\000u\000r\000e\000\040\000E\000x\000p\000l\000o\000r\000a\000t\000i\000o\000n\000\040\176\323\147\234}{subsection.5.2}% 34
\BOOKMARK [3][-]{subsubsection.5.2.3}{\376\377\154\102\124\214\230\230\000\040\000V\000T\000u\000n\000e\000\040\176\323\213\272}{subsection.5.2}% 35
\BOOKMARK [1][-]{section.6}{\376\377\000G\000o\000d\000b\000o\000l\000t\000\040\154\107\177\026\122\006\147\220}{}% 36
\BOOKMARK [2][-]{subsection.6.1}{\376\377\122\006\147\220\145\271\154\325}{section.6}% 37
\BOOKMARK [2][-]{subsection.6.2}{\376\377\167\351\226\065\230\230\154\107\177\026\122\006\147\220}{section.6}% 38
\BOOKMARK [3][-]{subsubsection.6.2.1}{\376\377\000c\000o\000l\000\137\000n\000a\000i\000v\000e\000\040\116\016\000\040\000r\000o\000w\000\137\000c\000a\000c\000h\000e}{subsection.6.2}% 39
\BOOKMARK [3][-]{subsubsection.6.2.2}{\376\377\000r\000o\000w\000\137\000c\000a\000c\000h\000e\000\040\116\016\000\040\000r\000o\000w\000\137\000c\000a\000c\000h\000e\000\137\000u\0004}{subsection.6.2}% 40
\BOOKMARK [2][-]{subsection.6.3}{\376\377\154\102\124\214\230\230\154\107\177\026\122\006\147\220}{section.6}% 41
\BOOKMARK [3][-]{subsubsection.6.3.1}{\376\377\000s\000u\000m\000\137\000n\000a\000i\000v\000e\000\040\116\016\000\040\000s\000u\000m\000\137\000d\000u\000a\000l\000\040\000/\000\040\000s\000u\000m\000\137\000u\000n\000r\000o\000l\000l\0004}{subsection.6.3}% 42
\BOOKMARK [3][-]{subsubsection.6.3.2}{\376\377\000s\000u\000m\000\137\000u\000n\000r\000o\000l\000l\0004\000\040\116\016\000\040\000s\000u\000m\000\137\000p\000a\000i\000r\000w\000i\000s\000e}{subsection.6.3}% 43
\BOOKMARK [2][-]{subsection.6.4}{\376\377\000G\000o\000d\000b\000o\000l\000t\000\040\122\006\147\220\176\323\213\272}{section.6}% 44
