Initial Win CP for (console input, console output, system): (CP65001, CP65001, CP65001)
I changed them all to CP65001
Rc files read:
  NONE
Latexmk: This is Latexmk, John Collins, 27 Dec. 2024. Version 4.86a.
No existing .aux file, so I'll make a simple one, and require run of *latex.
Force everything to be remade.
Latexmk: applying rule 'xelatex'...
Rule 'xelatex':  Reasons for rerun
Category 'other':
  Rerun of 'xelatex' forced or previously required:
    Reason or flag: 'go_mode'

------------
Run number 1 of rule 'xelatex'
------------
------------
Running 'xelatex -no-pdf -interaction=nonstopmode -halt-on-error -file-line-error -recorder --jobname="协程技术调研报告-latex-build"  "协程技术调研报告.tex"'
------------
This is XeTeX, Version 3.141592653-2.6-0.999997 (TeX Live 2025) (preloaded format=xelatex)
 restricted \write18 enabled.
entering extended mode
(./协程技术调研报告.tex
LaTeX2e <2024-11-01> patch level 2
L3 programming layer <2025-01-18>
(d:/texlive/2025/texmf-dist/tex/latex/base/article.cls
Document Class: article 2024/06/29 v1.4n Standard LaTeX document class
(d:/texlive/2025/texmf-dist/tex/latex/base/size11.clo))
(d:/texlive/2025/texmf-dist/tex/latex/xcolor/xcolor.sty
(d:/texlive/2025/texmf-dist/tex/latex/graphics-cfg/color.cfg)
(d:/texlive/2025/texmf-dist/tex/latex/graphics-def/xetex.def)
(d:/texlive/2025/texmf-dist/tex/latex/graphics/mathcolor.ltx))
(d:/texlive/2025/texmf-dist/tex/latex/graphics/dvipsnam.def)
(d:/texlive/2025/texmf-dist/tex/latex/xcolor/svgnam.def)
(d:/texlive/2025/texmf-dist/tex/latex/xcolor/x11nam.def)
(d:/texlive/2025/texmf-dist/tex/latex/geometry/geometry.sty
(d:/texlive/2025/texmf-dist/tex/latex/graphics/keyval.sty)
(d:/texlive/2025/texmf-dist/tex/generic/iftex/ifvtex.sty
(d:/texlive/2025/texmf-dist/tex/generic/iftex/iftex.sty)))
(d:/texlive/2025/texmf-dist/tex/latex/amsmath/amsmath.sty
For additional information on amsmath, use the `?' option.
(d:/texlive/2025/texmf-dist/tex/latex/amsmath/amstext.sty
(d:/texlive/2025/texmf-dist/tex/latex/amsmath/amsgen.sty))
(d:/texlive/2025/texmf-dist/tex/latex/amsmath/amsbsy.sty)
(d:/texlive/2025/texmf-dist/tex/latex/amsmath/amsopn.sty))
(d:/texlive/2025/texmf-dist/tex/latex/amsfonts/amssymb.sty
(d:/texlive/2025/texmf-dist/tex/latex/amsfonts/amsfonts.sty))
(d:/texlive/2025/texmf-dist/tex/latex/unicode-math/unicode-math.sty
(d:/texlive/2025/texmf-dist/tex/latex/l3kernel/expl3.sty
(d:/texlive/2025/texmf-dist/tex/latex/l3backend/l3backend-xetex.def))
(d:/texlive/2025/texmf-dist/tex/latex/unicode-math/unicode-math-xetex.sty
(d:/texlive/2025/texmf-dist/tex/latex/l3packages/xparse/xparse.sty)
(d:/texlive/2025/texmf-dist/tex/latex/l3packages/l3keys2e/l3keys2e.sty)
(d:/texlive/2025/texmf-dist/tex/latex/fontspec/fontspec.sty
(d:/texlive/2025/texmf-dist/tex/latex/fontspec/fontspec-xetex.sty
(d:/texlive/2025/texmf-dist/tex/latex/base/fontenc.sty)
(d:/texlive/2025/texmf-dist/tex/latex/fontspec/fontspec.cfg)))
(d:/texlive/2025/texmf-dist/tex/latex/base/fix-cm.sty
(d:/texlive/2025/texmf-dist/tex/latex/base/ts1enc.def))
(d:/texlive/2025/texmf-dist/tex/latex/unicode-math/unicode-math-table.tex)))
(d:/texlive/2025/texmf-dist/tex/latex/lm/lmodern.sty)
(d:/texlive/2025/texmf-dist/tex/xelatex/xecjk/xeCJK.sty
(d:/texlive/2025/texmf-dist/tex/latex/ctex/ctexhook.sty)
(d:/texlive/2025/texmf-dist/tex/latex/l3packages/xtemplate/xtemplate.sty)
(d:/texlive/2025/texmf-dist/tex/xelatex/xecjk/xeCJK.cfg))
(d:/texlive/2025/texmf-dist/tex/latex/upquote/upquote.sty
(d:/texlive/2025/texmf-dist/tex/latex/base/textcomp.sty))
(d:/texlive/2025/texmf-dist/tex/latex/microtype/microtype.sty
(d:/texlive/2025/texmf-dist/tex/latex/etoolbox/etoolbox.sty)
(d:/texlive/2025/texmf-dist/tex/latex/microtype/microtype-xetex.def)
(d:/texlive/2025/texmf-dist/tex/latex/microtype/microtype.cfg))
(d:/texlive/2025/texmf-dist/tex/latex/parskip/parskip.sty
(d:/texlive/2025/texmf-dist/tex/latex/kvoptions/kvoptions.sty
(d:/texlive/2025/texmf-dist/tex/generic/ltxcmds/ltxcmds.sty)
(d:/texlive/2025/texmf-dist/tex/latex/kvsetkeys/kvsetkeys.sty)))
(d:/texlive/2025/texmf-dist/tex/latex/tools/longtable.sty)
(d:/texlive/2025/texmf-dist/tex/latex/booktabs/booktabs.sty)
(d:/texlive/2025/texmf-dist/tex/latex/tools/array.sty)
(d:/texlive/2025/texmf-dist/tex/latex/tools/calc.sty)
(d:/texlive/2025/texmf-dist/tex/latex/footnotehyper/footnotehyper.sty)
(d:/texlive/2025/texmf-dist/tex/latex/graphics/graphicx.sty
(d:/texlive/2025/texmf-dist/tex/latex/graphics/graphics.sty
(d:/texlive/2025/texmf-dist/tex/latex/graphics/trig.sty)
(d:/texlive/2025/texmf-dist/tex/latex/graphics-cfg/graphics.cfg)))
(d:/texlive/2025/texmf-dist/tex/latex/needspace/needspace.sty)
(d:/texlive/2025/texmf-dist/tex/latex/bookmark/bookmark.sty
(d:/texlive/2025/texmf-dist/tex/latex/hyperref/hyperref.sty
(d:/texlive/2025/texmf-dist/tex/generic/kvdefinekeys/kvdefinekeys.sty)
(d:/texlive/2025/texmf-dist/tex/generic/pdfescape/pdfescape.sty
(d:/texlive/2025/texmf-dist/tex/generic/pdftexcmds/pdftexcmds.sty
(d:/texlive/2025/texmf-dist/tex/generic/infwarerr/infwarerr.sty)))
(d:/texlive/2025/texmf-dist/tex/latex/hycolor/hycolor.sty)
(d:/texlive/2025/texmf-dist/tex/latex/hyperref/nameref.sty
(d:/texlive/2025/texmf-dist/tex/latex/refcount/refcount.sty)
(d:/texlive/2025/texmf-dist/tex/generic/gettitlestring/gettitlestring.sty))
(d:/texlive/2025/texmf-dist/tex/generic/stringenc/stringenc.sty)
(d:/texlive/2025/texmf-dist/tex/latex/hyperref/pd1enc.def)
(d:/texlive/2025/texmf-dist/tex/generic/intcalc/intcalc.sty)
(d:/texlive/2025/texmf-dist/tex/latex/hyperref/puenc.def)
(d:/texlive/2025/texmf-dist/tex/latex/url/url.sty)
(d:/texlive/2025/texmf-dist/tex/generic/bitset/bitset.sty
(d:/texlive/2025/texmf-dist/tex/generic/bigintcalc/bigintcalc.sty))
(d:/texlive/2025/texmf-dist/tex/latex/base/atbegshi-ltx.sty))
(d:/texlive/2025/texmf-dist/tex/latex/hyperref/hxetex.def
(d:/texlive/2025/texmf-dist/tex/latex/rerunfilecheck/rerunfilecheck.sty
(d:/texlive/2025/texmf-dist/tex/latex/base/atveryend-ltx.sty)
(d:/texlive/2025/texmf-dist/tex/generic/uniquecounter/uniquecounter.sty)))
(d:/texlive/2025/texmf-dist/tex/latex/bookmark/bkm-dvipdfm.def))
(d:/texlive/2025/texmf-dist/tex/latex/xurl/xurl.sty)
(./协程技术调研报告-latex-build.aux)
*geometry* driver: auto-detecting
*geometry* detected driver: xetex

Package hyperref Warning: Rerun to get /PageLabels entry.

(d:/texlive/2025/texmf-dist/tex/latex/lm/omllmm.fd)
(d:/texlive/2025/texmf-dist/tex/latex/amsfonts/umsa.fd)
(d:/texlive/2025/texmf-dist/tex/latex/microtype/mt-msa.cfg)
(d:/texlive/2025/texmf-dist/tex/latex/amsfonts/umsb.fd)
(d:/texlive/2025/texmf-dist/tex/latex/microtype/mt-msb.cfg)
[1]
[2]
[3]
[4]

Package longtable Warning: Column widths have changed
(longtable)                in none 3 on input line 485.


[5]
[6]
[7]
[8]
[9]

Package longtable Warning: Table widths have changed. Rerun LaTeX.


[10] (./协程技术调研报告-latex-build.aux)

LaTeX Warning: Label(s) may have changed. Rerun to get cross-references right.

 )
Output written on 协程技术调研报告-latex-build.xdv (10 pages, 128372 bytes).
Transcript written on 协程技术调研报告-latex-build.log.
Latexmk: Getting log file '协程技术调研报告-latex-build.log'
Latexmk: Examining '协程技术调研报告-latex-build.fls'
Latexmk: Examining '协程技术调研报告-latex-build.log'
Latexmk: References changed.
Latexmk: References changed.
Latexmk: Log file says output to '协程技术调研报告-latex-build.xdv'
Latexmk: applying rule 'xelatex'...
Rule 'xelatex':  Reasons for rerun
Changed files or newly in use/created:
  协程技术调研报告-latex-build.aux

------------
Run number 2 of rule 'xelatex'
------------
------------
Running 'xelatex -no-pdf -interaction=nonstopmode -halt-on-error -file-line-error -recorder --jobname="协程技术调研报告-latex-build"  "协程技术调研报告.tex"'
------------
This is XeTeX, Version 3.141592653-2.6-0.999997 (TeX Live 2025) (preloaded format=xelatex)
 restricted \write18 enabled.
entering extended mode
(./协程技术调研报告.tex
LaTeX2e <2024-11-01> patch level 2
L3 programming layer <2025-01-18>
(d:/texlive/2025/texmf-dist/tex/latex/base/article.cls
Document Class: article 2024/06/29 v1.4n Standard LaTeX document class
(d:/texlive/2025/texmf-dist/tex/latex/base/size11.clo))
(d:/texlive/2025/texmf-dist/tex/latex/xcolor/xcolor.sty
(d:/texlive/2025/texmf-dist/tex/latex/graphics-cfg/color.cfg)
(d:/texlive/2025/texmf-dist/tex/latex/graphics-def/xetex.def)
(d:/texlive/2025/texmf-dist/tex/latex/graphics/mathcolor.ltx))
(d:/texlive/2025/texmf-dist/tex/latex/graphics/dvipsnam.def)
(d:/texlive/2025/texmf-dist/tex/latex/xcolor/svgnam.def)
(d:/texlive/2025/texmf-dist/tex/latex/xcolor/x11nam.def)
(d:/texlive/2025/texmf-dist/tex/latex/geometry/geometry.sty
(d:/texlive/2025/texmf-dist/tex/latex/graphics/keyval.sty)
(d:/texlive/2025/texmf-dist/tex/generic/iftex/ifvtex.sty
(d:/texlive/2025/texmf-dist/tex/generic/iftex/iftex.sty)))
(d:/texlive/2025/texmf-dist/tex/latex/amsmath/amsmath.sty
For additional information on amsmath, use the `?' option.
(d:/texlive/2025/texmf-dist/tex/latex/amsmath/amstext.sty
(d:/texlive/2025/texmf-dist/tex/latex/amsmath/amsgen.sty))
(d:/texlive/2025/texmf-dist/tex/latex/amsmath/amsbsy.sty)
(d:/texlive/2025/texmf-dist/tex/latex/amsmath/amsopn.sty))
(d:/texlive/2025/texmf-dist/tex/latex/amsfonts/amssymb.sty
(d:/texlive/2025/texmf-dist/tex/latex/amsfonts/amsfonts.sty))
(d:/texlive/2025/texmf-dist/tex/latex/unicode-math/unicode-math.sty
(d:/texlive/2025/texmf-dist/tex/latex/l3kernel/expl3.sty
(d:/texlive/2025/texmf-dist/tex/latex/l3backend/l3backend-xetex.def))
(d:/texlive/2025/texmf-dist/tex/latex/unicode-math/unicode-math-xetex.sty
(d:/texlive/2025/texmf-dist/tex/latex/l3packages/xparse/xparse.sty)
(d:/texlive/2025/texmf-dist/tex/latex/l3packages/l3keys2e/l3keys2e.sty)
(d:/texlive/2025/texmf-dist/tex/latex/fontspec/fontspec.sty
(d:/texlive/2025/texmf-dist/tex/latex/fontspec/fontspec-xetex.sty
(d:/texlive/2025/texmf-dist/tex/latex/base/fontenc.sty)
(d:/texlive/2025/texmf-dist/tex/latex/fontspec/fontspec.cfg)))
(d:/texlive/2025/texmf-dist/tex/latex/base/fix-cm.sty
(d:/texlive/2025/texmf-dist/tex/latex/base/ts1enc.def))
(d:/texlive/2025/texmf-dist/tex/latex/unicode-math/unicode-math-table.tex)))
(d:/texlive/2025/texmf-dist/tex/latex/lm/lmodern.sty)
(d:/texlive/2025/texmf-dist/tex/xelatex/xecjk/xeCJK.sty
(d:/texlive/2025/texmf-dist/tex/latex/ctex/ctexhook.sty)
(d:/texlive/2025/texmf-dist/tex/latex/l3packages/xtemplate/xtemplate.sty)
(d:/texlive/2025/texmf-dist/tex/xelatex/xecjk/xeCJK.cfg))
(d:/texlive/2025/texmf-dist/tex/latex/upquote/upquote.sty
(d:/texlive/2025/texmf-dist/tex/latex/base/textcomp.sty))
(d:/texlive/2025/texmf-dist/tex/latex/microtype/microtype.sty
(d:/texlive/2025/texmf-dist/tex/latex/etoolbox/etoolbox.sty)
(d:/texlive/2025/texmf-dist/tex/latex/microtype/microtype-xetex.def)
(d:/texlive/2025/texmf-dist/tex/latex/microtype/microtype.cfg))
(d:/texlive/2025/texmf-dist/tex/latex/parskip/parskip.sty
(d:/texlive/2025/texmf-dist/tex/latex/kvoptions/kvoptions.sty
(d:/texlive/2025/texmf-dist/tex/generic/ltxcmds/ltxcmds.sty)
(d:/texlive/2025/texmf-dist/tex/latex/kvsetkeys/kvsetkeys.sty)))
(d:/texlive/2025/texmf-dist/tex/latex/tools/longtable.sty)
(d:/texlive/2025/texmf-dist/tex/latex/booktabs/booktabs.sty)
(d:/texlive/2025/texmf-dist/tex/latex/tools/array.sty)
(d:/texlive/2025/texmf-dist/tex/latex/tools/calc.sty)
(d:/texlive/2025/texmf-dist/tex/latex/footnotehyper/footnotehyper.sty)
(d:/texlive/2025/texmf-dist/tex/latex/graphics/graphicx.sty
(d:/texlive/2025/texmf-dist/tex/latex/graphics/graphics.sty
(d:/texlive/2025/texmf-dist/tex/latex/graphics/trig.sty)
(d:/texlive/2025/texmf-dist/tex/latex/graphics-cfg/graphics.cfg)))
(d:/texlive/2025/texmf-dist/tex/latex/needspace/needspace.sty)
(d:/texlive/2025/texmf-dist/tex/latex/bookmark/bookmark.sty
(d:/texlive/2025/texmf-dist/tex/latex/hyperref/hyperref.sty
(d:/texlive/2025/texmf-dist/tex/generic/kvdefinekeys/kvdefinekeys.sty)
(d:/texlive/2025/texmf-dist/tex/generic/pdfescape/pdfescape.sty
(d:/texlive/2025/texmf-dist/tex/generic/pdftexcmds/pdftexcmds.sty
(d:/texlive/2025/texmf-dist/tex/generic/infwarerr/infwarerr.sty)))
(d:/texlive/2025/texmf-dist/tex/latex/hycolor/hycolor.sty)
(d:/texlive/2025/texmf-dist/tex/latex/hyperref/nameref.sty
(d:/texlive/2025/texmf-dist/tex/latex/refcount/refcount.sty)
(d:/texlive/2025/texmf-dist/tex/generic/gettitlestring/gettitlestring.sty))
(d:/texlive/2025/texmf-dist/tex/generic/stringenc/stringenc.sty)
(d:/texlive/2025/texmf-dist/tex/latex/hyperref/pd1enc.def)
(d:/texlive/2025/texmf-dist/tex/generic/intcalc/intcalc.sty)
(d:/texlive/2025/texmf-dist/tex/latex/hyperref/puenc.def)
(d:/texlive/2025/texmf-dist/tex/latex/url/url.sty)
(d:/texlive/2025/texmf-dist/tex/generic/bitset/bitset.sty
(d:/texlive/2025/texmf-dist/tex/generic/bigintcalc/bigintcalc.sty))
(d:/texlive/2025/texmf-dist/tex/latex/base/atbegshi-ltx.sty))
(d:/texlive/2025/texmf-dist/tex/latex/hyperref/hxetex.def
(d:/texlive/2025/texmf-dist/tex/latex/rerunfilecheck/rerunfilecheck.sty
(d:/texlive/2025/texmf-dist/tex/latex/base/atveryend-ltx.sty)
(d:/texlive/2025/texmf-dist/tex/generic/uniquecounter/uniquecounter.sty)))
(d:/texlive/2025/texmf-dist/tex/latex/bookmark/bkm-dvipdfm.def))
(d:/texlive/2025/texmf-dist/tex/latex/xurl/xurl.sty)
(./协程技术调研报告-latex-build.aux)
*geometry* driver: auto-detecting
*geometry* detected driver: xetex
(d:/texlive/2025/texmf-dist/tex/latex/lm/omllmm.fd)
(d:/texlive/2025/texmf-dist/tex/latex/amsfonts/umsa.fd)
(d:/texlive/2025/texmf-dist/tex/latex/microtype/mt-msa.cfg)
(d:/texlive/2025/texmf-dist/tex/latex/amsfonts/umsb.fd)
(d:/texlive/2025/texmf-dist/tex/latex/microtype/mt-msb.cfg)
[1]
[2]
[3]
[4]
[5]
[6]
[7]
[8]
[9]
[10] (./协程技术调研报告-latex-build.aux) )
Output written on 协程技术调研报告-latex-build.xdv (10 pages, 128368 bytes).
Transcript written on 协程技术调研报告-latex-build.log.
Latexmk: Getting log file '协程技术调研报告-latex-build.log'
Latexmk: Examining '协程技术调研报告-latex-build.fls'
Latexmk: Examining '协程技术调研报告-latex-build.log'
Latexmk: Log file says output to '协程技术调研报告-latex-build.xdv'
Latexmk: applying rule 'xdvipdfmx'...
Rule 'xdvipdfmx':  Reasons for rerun
Category 'other':
  Rerun of 'xdvipdfmx' forced or previously required:
    Reason or flag: 'go_mode'

------------
Run number 1 of rule 'xdvipdfmx'
------------
------------
Running 'xdvipdfmx -E -o "协程技术调研报告-latex-build.pdf"  "协程技术调研报告-latex-build.xdv"'
------------
Latexmk: All targets (协程技术调研报告-latex-build.xdv 协程技术调研报告-latex-build.pdf) are up-to-date

