\BOOKMARK [1][-]{section.1}{\376\377\133\236\232\214\211\201\154\102}{}% 1
\BOOKMARK [1][-]{section.2}{\376\377\133\236\232\214\163\257\130\203}{}% 2
\BOOKMARK [2][-]{subsection.2.1}{\376\377\170\154\116\366\116\016\217\320\210\114\145\271\137\017}{section.2}% 3
\BOOKMARK [2][-]{subsection.2.2}{\376\377\116\343\170\001\176\304\176\307}{section.2}% 4
\BOOKMARK [2][-]{subsection.2.3}{\376\377\143\007\150\007\116\016\123\357\211\306\123\026\211\304\122\022}{section.2}% 5
\BOOKMARK [1][-]{section.3}{\376\377\127\372\170\100\211\201\154\102}{}% 6
\BOOKMARK [2][-]{subsection.3.1}{\376\377\173\227\154\325\213\276\213\241}{section.3}% 7
\BOOKMARK [2][-]{subsection.3.2}{\376\377\116\062\210\114\200\001\162\110\147\054\121\163\225\056\116\343\170\001}{section.3}% 8
\BOOKMARK [2][-]{subsection.3.3}{\376\377\000P\000t\000h\000r\000e\000a\000d\000\040\116\343\170\001\133\236\163\260}{section.3}% 9
\BOOKMARK [2][-]{subsection.3.4}{\376\377\000O\000p\000e\000n\000M\000P\000\040\116\343\170\001\133\236\163\260}{section.3}% 10
\BOOKMARK [2][-]{subsection.3.5}{\376\377\153\143\170\156\140\047\232\214\213\301}{section.3}% 11
\BOOKMARK [2][-]{subsection.3.6}{\376\377\140\047\200\375\155\113\213\325}{section.3}% 12
\BOOKMARK [2][-]{subsection.3.7}{\376\377\127\372\170\100\176\323\147\234\122\006\147\220}{section.3}% 13
\BOOKMARK [1][-]{section.4}{\376\377\217\333\226\066\211\201\154\102}{}% 14
\BOOKMARK [2][-]{subsection.4.1}{\376\377\000O\000p\000e\000n\000M\000P\000\040\116\016\000\040\000P\000t\000h\000r\000e\000a\000d\000\040\140\047\200\375\135\356\137\002}{section.4}% 15
\BOOKMARK [2][-]{subsection.4.2}{\376\377\177\026\213\321\117\030\123\026\133\371\176\323\147\234\166\204\137\161\124\315}{section.4}% 16
\BOOKMARK [2][-]{subsection.4.3}{\376\377\000G\000u\000e\000s\000s\000\040\226\066\153\265\176\306\174\222\136\246\000\040\000p\000r\000o\000f\000i\000l\000e}{section.4}% 17
\BOOKMARK [2][-]{subsection.4.4}{\376\377\226\037\231\226\122\040\226\144\117\030\123\026}{section.4}% 18
\BOOKMARK [2][-]{subsection.4.5}{\376\377\213\255\176\303\226\066\153\265\136\166\210\114\123\026}{section.4}% 19
\BOOKMARK [2][-]{subsection.4.6}{\376\377\213\255\176\303\136\166\210\114\123\026\145\160\143\156\150\300\147\345}{section.4}% 20
\BOOKMARK [2][-]{subsection.4.7}{\376\377\133\371\116\216\136\166\210\114\123\026\174\222\136\246\166\204\140\035\200\003}{section.4}% 21
\BOOKMARK [1][-]{section.5}{\376\377\176\323\213\272}{}% 22
