\BOOKMARK [1][-]{section.1}{\376\377\136\166\210\114\123\026\166\356\150\007\116\016\133\236\163\260\203\003\126\364}{}% 1
\BOOKMARK [2][-]{subsection.1.1}{\376\377\136\166\210\114\123\026\166\356\150\007}{section.1}% 2
\BOOKMARK [2][-]{subsection.1.2}{\376\377\116\343\170\001\176\304\176\307}{section.1}% 3
\BOOKMARK [1][-]{section.2}{\376\377\174\373\176\337\213\276\213\241}{}% 4
\BOOKMARK [2][-]{subsection.2.1}{\376\377\000P\000C\000F\000G\000\040\152\041\127\213\116\016\116\373\122\241\165\037\142\020}{section.2}% 5
\BOOKMARK [2][-]{subsection.2.2}{\376\377\121\154\121\161\220\032\117\341\123\117\213\256\116\016\136\217\122\027\123\026}{section.2}% 6
\BOOKMARK [2][-]{subsection.2.3}{\376\377\000M\000D\0005\000\040\116\016\000\040\000S\000I\000M\000D}{section.2}% 7
\BOOKMARK [1][-]{section.3}{\376\377\000B\000a\000s\000e\000\040\162\110\147\054\377\032\226\073\130\136\137\017\000\040\000M\000a\000s\000t\000e\000r\000-\000W\000o\000r\000k\000e\000r}{}% 8
\BOOKMARK [2][-]{subsection.3.1}{\376\377\217\333\172\013\200\114\215\043\116\016\122\250\140\001\214\003\136\246}{section.3}% 9
\BOOKMARK [2][-]{subsection.3.2}{\376\377\123\125\217\333\172\013\215\357\137\204\116\016\213\241\145\366\123\343\137\204}{section.3}% 10
\BOOKMARK [1][-]{section.4}{\376\377\000A\000d\000v\000a\000n\000c\000e\000d\000\040\162\110\147\054\377\032\000M\000P\000I\060\001\000P\000t\000h\000r\000e\000a\000d\000\040\116\016\000\040\000S\000I\000M\000D\000\040\155\101\154\064\176\277}{}% 11
\BOOKMARK [2][-]{subsection.4.1}{\376\377\116\011\176\247\155\101\154\064\176\277\176\323\147\204}{section.4}% 12
\BOOKMARK [2][-]{subsection.4.2}{\376\377\000W\000o\000r\000k\000U\000n\000i\000t\000\040\122\007\122\006\116\016\165\037\142\020\176\277\172\013\215\037\217\175\127\107\210\141}{section.4}% 13
\BOOKMARK [2][-]{subsection.4.3}{\376\377\227\136\226\073\130\136\220\032\117\341\116\016\176\277\172\013\176\247\122\053}{section.4}% 14
\BOOKMARK [1][-]{section.5}{\376\377\133\236\232\214\163\257\130\203\116\016\145\271\154\325}{}% 15
\BOOKMARK [2][-]{subsection.5.1}{\376\377\217\320\210\114\163\257\130\203\116\016\177\026\213\321}{section.5}% 16
\BOOKMARK [2][-]{subsection.5.2}{\376\377\133\236\232\214\167\351\226\065\377\010\142\171\221\317\143\320\116\244\133\236\232\214\116\373\122\241\377\011}{section.5}% 17
\BOOKMARK [2][-]{subsection.5.3}{\376\377\143\007\150\007\133\232\116\111}{section.5}% 18
\BOOKMARK [1][-]{section.6}{\376\377\153\143\170\156\140\047\116\016\133\214\145\164\140\047\232\214\213\301}{}% 19
\BOOKMARK [1][-]{section.7}{\376\377\140\047\200\375\176\323\147\234\116\016\122\006\147\220}{}% 20
\BOOKMARK [2][-]{subsection.7.1}{\376\377\122\240\133\306\000\040\000W\000o\000r\000k\000e\000r\000\040\134\100\220\350\140\047\200\375\116\016\155\101\154\064\176\277\164\366\230\210}{section.7}% 21
\BOOKMARK [2][-]{subsection.7.2}{\376\377\000B\000a\000s\000e\000\040\217\333\172\013\142\151\134\125\140\047}{section.7}% 22
\BOOKMARK [2][-]{subsection.7.3}{\376\377\000B\000a\000s\000e\000\040\116\016\000\040\000A\000d\000v\000a\000n\000c\000e\000d\000\040\220\032\117\341\145\271\154\325\133\371\153\324}{section.7}% 23
\BOOKMARK [2][-]{subsection.7.4}{\376\377\165\037\142\020\176\277\172\013\145\160}{section.7}% 24
\BOOKMARK [2][-]{subsection.7.5}{\376\377\142\171\153\041\131\047\134\017}{section.7}% 25
\BOOKMARK [2][-]{subsection.7.6}{\376\377\225\356\230\230\211\304\152\041}{section.7}% 26
\BOOKMARK [2][-]{subsection.7.7}{\376\377\213\255\176\303\145\366\225\364\116\016\121\161\116\253\147\015\122\241\126\150\154\342\122\250}{section.7}% 27
\BOOKMARK [1][-]{section.8}{\376\377\174\373\176\337\162\171\140\047\116\016\140\047\200\375\217\271\165\114}{}% 28
\BOOKMARK [2][-]{subsection.8.1}{\376\377\215\037\217\175\127\107\210\141\147\072\122\066}{section.8}% 29
\BOOKMARK [2][-]{subsection.8.2}{\376\377\220\032\117\341\145\271\154\325\166\204\220\002\165\050\203\003\126\364}{section.8}% 30
\BOOKMARK [2][-]{subsection.8.3}{\376\377\176\374\124\010\176\323\147\234}{section.8}% 31
\BOOKMARK [1][-]{section.9}{\376\377\176\323\213\272}{}% 32
