\BOOKMARK [1][-]{section.1}{\376\377\133\236\232\214\166\356\166\204\116\016\116\373\122\241\213\364\146\016}{}% 1
\BOOKMARK [1][-]{section.2}{\376\377\000A\000M\000D\000\040\000A\000U\000P\000\040\136\163\123\360\000\040\000H\000I\000P\000\040\213\376\172\013\133\146\116\140}{}% 2
\BOOKMARK [2][-]{subsection.2.1}{\376\377\000L\000a\000b\0001\000\040\000V\000e\000c\000t\000o\000r\000\040\000A\000d\000d\000i\000t\000i\000o\000n}{section.2}% 3
\BOOKMARK [2][-]{subsection.2.2}{\376\377\000L\000a\000b\0002\000\040\000M\000a\000t\000r\000i\000x\000\040\000T\000r\000a\000n\000s\000p\000o\000s\000e}{section.2}% 4
\BOOKMARK [2][-]{subsection.2.3}{\376\377\000L\000a\000b\0003\000\040\000H\000i\000s\000t\000o\000g\000r\000a\000m}{section.2}% 5
\BOOKMARK [2][-]{subsection.2.4}{\376\377\000L\000a\000b\0004\000\040\000R\000e\000d\000u\000c\000t\000i\000o\000n}{section.2}% 6
\BOOKMARK [2][-]{subsection.2.5}{\376\377\000L\000a\000b\0005\000\040\000M\000o\000n\000t\000e\000\040\000C\000a\000r\000l\000o\000\040\000I\000n\000t\000e\000g\000r\000a\000t\000i\000o\000n}{section.2}% 7
\BOOKMARK [2][-]{subsection.2.6}{\376\377\000L\000a\000b\0006\000\040\000K\000-\000M\000e\000a\000n\000s\000\040\000C\000l\000u\000s\000t\000e\000r\000i\000n\000g}{section.2}% 8
\BOOKMARK [1][-]{section.3}{\376\377\123\343\116\344\163\034\155\113\220\011\230\230\166\204\000\040\000G\000P\000U\000\040\136\166\210\114\123\026\213\276\213\241}{}% 9
\BOOKMARK [2][-]{subsection.3.1}{\376\377\123\237\116\062\210\114\150\106\147\266\122\006\147\220}{section.3}% 10
\BOOKMARK [2][-]{subsection.3.2}{\376\377\123\357\136\166\210\114\220\350\122\006\220\011\142\351}{section.3}% 11
\BOOKMARK [2][-]{subsection.3.3}{\376\377\217\333\226\066\122\006\145\057\213\276\213\241}{section.3}% 12
\BOOKMARK [2][-]{subsection.3.4}{\376\377\000C\000P\000U\000/\000G\000P\000U\000\040\122\006\135\345}{section.3}% 13
\BOOKMARK [2][-]{subsection.3.5}{\376\377\145\160\143\156\142\123\123\005\145\271\137\017}{section.3}% 14
\BOOKMARK [2][-]{subsection.3.6}{\376\377\000G\000P\000U\000\040\000k\000e\000r\000n\000e\000l\000\040\213\276\213\241}{section.3}% 15
\BOOKMARK [1][-]{section.4}{\376\377\133\236\163\260\145\271\154\325}{}% 16
\BOOKMARK [2][-]{subsection.4.1}{\376\377\116\343\170\001\176\323\147\204}{section.4}% 17
\BOOKMARK [2][-]{subsection.4.2}{\376\377\000H\000I\000P\000\040\143\245\123\343\116\016\225\031\213\357\150\300\147\345}{section.4}% 18
\BOOKMARK [2][-]{subsection.4.3}{\376\377\153\143\170\156\140\047\150\300\147\345}{section.4}% 19
\BOOKMARK [2][-]{subsection.4.4}{\376\377\213\241\145\366\145\271\154\325}{section.4}% 20
\BOOKMARK [1][-]{section.5}{\376\377\133\236\232\214\213\276\213\241}{}% 21
\BOOKMARK [2][-]{subsection.5.1}{\376\377\133\236\232\214\163\257\130\203}{section.5}% 22
\BOOKMARK [2][-]{subsection.5.2}{\376\377\155\113\213\325\211\304\152\041}{section.5}% 23
\BOOKMARK [2][-]{subsection.5.3}{\376\377\176\323\147\234\210\150\152\041\147\177}{section.5}% 24
\BOOKMARK [1][-]{section.6}{\376\377\215\321\145\160\143\156\124\016\210\145\121\105\166\204\133\236\232\214\176\323\147\234\116\016\122\006\147\220}{}% 25
\BOOKMARK [1][-]{section.7}{\376\377\140\073\176\323}{}% 26
