\BOOKMARK [1][-]{section.1}{\376\377\133\236\232\214\163\257\130\203\116\016\213\304\116\367\143\007\150\007}{}% 1
\BOOKMARK [2][-]{subsection.1.1}{\376\377\133\236\232\214\163\257\130\203}{section.1}% 2
\BOOKMARK [2][-]{subsection.1.2}{\376\377\133\236\232\214\155\101\172\013}{section.1}% 3
\BOOKMARK [2][-]{subsection.1.3}{\376\377\213\304\116\367\143\007\150\007}{section.1}% 4
\BOOKMARK [1][-]{section.2}{\376\377\173\227\154\325\217\355\116\343\213\276\213\241\377\032\116\072\116\300\116\110\200\375\122\240\220\037\377\010\127\372\170\100\211\201\154\102\377\011}{}% 5
\BOOKMARK [2][-]{subsection.2.1}{\376\377\145\160\143\156\176\247\136\166\210\114\140\035\215\357}{section.2}% 6
\BOOKMARK [2][-]{subsection.2.2}{\376\377\121\163\225\056\116\343\170\001}{section.2}% 7
\BOOKMARK [2][-]{subsection.2.3}{\376\377\226\115\117\116\230\235\131\026\137\000\225\000\166\204\133\236\163\260\176\306\202\202}{section.2}% 8
\BOOKMARK [3][-]{subsubsection.2.3.1}{\376\377\121\317\134\021\133\127\173\046\116\062\131\015\122\066}{subsection.2.3}% 9
\BOOKMARK [3][-]{subsubsection.2.3.2}{\376\377\134\006\000\040\000S\000I\000M\000D\000\040\217\156\121\375\145\160\133\217\134\125\137\000}{subsection.2.3}% 10
\BOOKMARK [3][-]{subsubsection.2.3.3}{\376\377\117\177\165\050\136\070\221\317\171\373\117\115\143\007\116\344}{subsection.2.3}% 11
\BOOKMARK [3][-]{subsubsection.2.3.4}{\376\377\167\355\123\343\116\344\123\125\127\127\000\040\000f\000a\000s\000t\000\040\000p\000a\000t\000h}{subsection.2.3}% 12
\BOOKMARK [2][-]{subsection.2.4}{\376\377\133\236\163\260\145\071\122\250\134\017\176\323}{section.2}% 13
\BOOKMARK [1][-]{section.3}{\376\377\153\143\170\156\140\047\232\214\213\301\377\010\127\372\170\100\211\201\154\102\377\011}{}% 14
\BOOKMARK [1][-]{section.4}{\376\377\177\026\213\321\220\011\230\171\137\161\124\315\122\006\147\220\377\010\217\333\226\066\211\201\154\102\377\011}{}% 15
\BOOKMARK [1][-]{section.5}{\376\377\217\276\150\007\122\240\220\037\153\324\377\010\217\333\226\066\211\201\154\102\377\011}{}% 16
\BOOKMARK [1][-]{section.6}{\376\377\000p\000e\000r\000f\000\040\127\372\170\100\122\006\147\220\377\010\127\372\170\100\211\201\154\102\377\011}{}% 17
\BOOKMARK [1][-]{section.7}{\376\377\000p\000e\000r\000f\000\040\217\333\226\066\122\006\147\220\377\010\217\333\226\066\211\201\154\102\377\011}{}% 18
\BOOKMARK [2][-]{subsection.7.1}{\376\377\160\355\160\271\121\375\145\160}{section.7}% 19
\BOOKMARK [2][-]{subsection.7.2}{\376\377\177\026\213\321\220\011\230\171\116\016\154\107\177\026}{section.7}% 20
